<?xml version="1.0" encoding="UTF-8"?>
<testsuites name="jest tests" tests="25" failures="1" errors="0" time="50.797">
  <testsuite name="Test component" errors="0" failures="0" skipped="0" timestamp="2023-06-07T08:32:59" time="12.781" tests="3">
    <testcase classname="Test component displays loading skeleton when testLoadingExample is true" name="Test component displays loading skeleton when testLoadingExample is true" time="0.232">
    </testcase>
    <testcase classname="Test component dispatches fetchTestData action on mount" name="Test component dispatches fetchTestData action on mount" time="0.016">
    </testcase>
    <testcase classname="Test component displays test data when testData is not null" name="Test component displays test data when testData is not null" time="0.062">
    </testcase>
  </testsuite>
  <testsuite name="getLinkWithParameter()" errors="0" failures="0" skipped="0" timestamp="2023-06-07T08:33:12" time="1.229" tests="3">
    <testcase classname="getLinkWithParameter() customer channel renders link" name="getLinkWithParameter() customer channel renders link" time="0.015">
    </testcase>
    <testcase classname="getLinkWithParameter() staff channel renders link" name="getLinkWithParameter() staff channel renders link" time="0">
    </testcase>
    <testcase classname="encodeQueryData() encode data" name="encodeQueryData() encode data" time="0">
    </testcase>
  </testsuite>
  <testsuite name="Test - response mappers" errors="0" failures="0" skipped="0" timestamp="2023-06-07T08:33:13" time="1.206" tests="1">
    <testcase classname="Test - response mappers return correct test data" name="Test - response mappers return correct test data" time="0.015">
    </testcase>
  </testsuite>
  <testsuite name="Test reducers" errors="0" failures="0" skipped="0" timestamp="2023-06-07T08:33:15" time="1.453" tests="3">
    <testcase classname="Test reducers Test reducers returns loading state " name="Test reducers Test reducers returns loading state " time="0">
    </testcase>
    <testcase classname="Test reducers Test reducers returns success state " name="Test reducers Test reducers returns success state " time="0">
    </testcase>
    <testcase classname="Test reducers Test reducers returns error state " name="Test reducers Test reducers returns error state " time="0">
    </testcase>
  </testsuite>
  <testsuite name="Test - selectors" errors="0" failures="0" skipped="0" timestamp="2023-06-07T08:33:16" time="1.124" tests="2">
    <testcase classname="Test - selectors return test data" name="Test - selectors return test data" time="0">
    </testcase>
    <testcase classname="Test - selectors return test loading" name="Test - selectors return test loading" time="0.015">
    </testcase>
  </testsuite>
  <testsuite name="getFormattedDater()" errors="0" failures="0" skipped="0" timestamp="2023-06-07T08:33:17" time="1.292" tests="2">
    <testcase classname="getFormattedDater() render right data" name="getFormattedDater() render right data" time="0.179">
    </testcase>
    <testcase classname="getSubtractedDays() render right data" name="getSubtractedDays() render right data" time="0">
    </testcase>
  </testsuite>
  <testsuite name="application - selectors" errors="0" failures="0" skipped="0" timestamp="2023-06-07T08:33:19" time="1.119" tests="2">
    <testcase classname="application - selectors return application" name="application - selectors return application" time="0.015">
    </testcase>
    <testcase classname="application - selectors return params" name="application - selectors return params" time="0">
    </testcase>
  </testsuite>
  <testsuite name="&lt;Application /&gt;" errors="0" failures="1" skipped="0" timestamp="2023-06-07T08:33:20" time="1.211" tests="1">
    <testcase classname="&lt;Application /&gt; render without crashing" name="&lt;Application /&gt; render without crashing" time="0.106">
      <failure>Error: expect(received).toMatchSnapshot()

Snapshot name: `&lt;Application /&gt; render without crashing 1`

- Snapshot  - 0
+ Received  + 3

@@ -127,10 +127,13 @@
        English
      &lt;/button&gt;
      &lt;button&gt;
        Polish
      &lt;/button&gt;
+     &lt;button&gt;
+       logOut
+     &lt;/button&gt;
      &lt;div
        class=&quot;emotion-0&quot;
      &gt;
        &lt;div
          class=&quot;emotion-1&quot;
    at Object.&lt;anonymous&gt; (F:\PROGRAMOWANIE\Components — kopia\src\pages\Application\Application.test.js:21:34)
    at Promise.then.completed (F:\PROGRAMOWANIE\Components — kopia\node_modules\jest-circus\build\utils.js:276:28)
    at new Promise (&lt;anonymous&gt;)
    at callAsyncCircusFn (F:\PROGRAMOWANIE\Components — kopia\node_modules\jest-circus\build\utils.js:216:10)
    at _callCircusTest (F:\PROGRAMOWANIE\Components — kopia\node_modules\jest-circus\build\run.js:212:40)
    at _runTest (F:\PROGRAMOWANIE\Components — kopia\node_modules\jest-circus\build\run.js:149:3)
    at _runTestsForDescribeBlock (F:\PROGRAMOWANIE\Components — kopia\node_modules\jest-circus\build\run.js:63:9)
    at _runTestsForDescribeBlock (F:\PROGRAMOWANIE\Components — kopia\node_modules\jest-circus\build\run.js:57:9)
    at run (F:\PROGRAMOWANIE\Components — kopia\node_modules\jest-circus\build\run.js:25:3)
    at runAndTransformResultsToJestFormat (F:\PROGRAMOWANIE\Components — kopia\node_modules\jest-circus\build\legacy-code-todo-rewrite\jestAdapterInit.js:176:21)
    at jestAdapter (F:\PROGRAMOWANIE\Components — kopia\node_modules\jest-circus\build\legacy-code-todo-rewrite\jestAdapter.js:109:19)
    at runTestInternal (F:\PROGRAMOWANIE\Components — kopia\node_modules\jest-runner\build\runTest.js:380:16)
    at runTest (F:\PROGRAMOWANIE\Components — kopia\node_modules\jest-runner\build\runTest.js:472:34)</failure>
    </testcase>
  </testsuite>
  <testsuite name="getOrdinalTextSuffix()" errors="0" failures="0" skipped="0" timestamp="2023-06-07T08:33:21" time="1.232" tests="1">
    <testcase classname="getOrdinalTextSuffix() encode data" name="getOrdinalTextSuffix() encode data" time="0.002">
    </testcase>
  </testsuite>
  <testsuite name="&lt;RouteNotFound/&gt;" errors="0" failures="0" skipped="0" timestamp="2023-06-07T08:33:23" time="1.142" tests="1">
    <testcase classname="&lt;RouteNotFound/&gt; render without crashing" name="&lt;RouteNotFound/&gt; render without crashing" time="0.031">
    </testcase>
  </testsuite>
  <testsuite name="&lt;RequireParam/&gt;" errors="0" failures="0" skipped="0" timestamp="2023-06-07T08:33:24" time="1.318" tests="1">
    <testcase classname="&lt;RequireParam/&gt; render without crashing" name="&lt;RequireParam/&gt; render without crashing" time="0.047">
    </testcase>
  </testsuite>
  <testsuite name="&lt;RequireSearchParam/&gt;" errors="0" failures="0" skipped="0" timestamp="2023-06-07T08:33:25" time="1.186" tests="1">
    <testcase classname="&lt;RequireSearchParam/&gt; render without crashing" name="&lt;RequireSearchParam/&gt; render without crashing" time="0.053">
    </testcase>
  </testsuite>
  <testsuite name="getMapping" errors="0" failures="0" skipped="0" timestamp="2023-06-07T08:33:27" time="1.106" tests="2">
    <testcase classname="getMapping expect to mapping correctly" name="getMapping expect to mapping correctly" time="0">
    </testcase>
    <testcase classname="getMapping expect to mapping correctly" name="getMapping expect to mapping correctly" time="0">
    </testcase>
  </testsuite>
  <testsuite name="Application reducers" errors="0" failures="0" skipped="0" timestamp="2023-06-07T08:33:28" time="1.021" tests="1">
    <testcase classname="Application reducers config reducers returns config state " name="Application reducers config reducers returns config state " time="0">
    </testcase>
  </testsuite>
  <testsuite name="Test - transport" errors="0" failures="0" skipped="0" timestamp="2023-06-07T08:33:29" time="1.044" tests="1">
    <testcase classname="Test - transport return getTestData" name="Test - transport return getTestData" time="0.032">
    </testcase>
  </testsuite>
</testsuites>